# JRE version: OpenJDK Runtime Environment (23.0.1+11) (build 23.0.1+11-39)
# Java VM: OpenJDK 64-Bit Server VM (23.0.1+11-39, mixed mode, sharing, tiered, compressed oops, compressed class ptrs, g1 gc, bsd-aarch64)
Heap:
 garbage-first heap   total reserved 2097152K, committed 133120K, used 31854K [0x0000000780000000, 0x0000000800000000)
  region size 1024K, 29 young (29696K), 1 survivors (1024K)
 Metaspace       used 7931K, committed 8192K, reserved 1114112K
  class space    used 841K, committed 960K, reserved 1048576K
GC Heap History (20 events):
Event: 21514.977 GC heap before
{Heap before GC invocations=62 (full 0):
 garbage-first heap   total reserved 2097152K, committed 133120K, used 79982K [0x0000000780000000, 0x0000000800000000)
  region size 1024K, 76 young (77824K), 1 survivors (1024K)
 Metaspace       used 7931K, committed 8192K, reserved 1114112K
  class space    used 841K, committed 960K, reserved 1048576K
}
Event: 21514.985 GC heap after
{Heap after GC invocations=63 (full 0):
 garbage-first heap   total reserved 2097152K, committed 133120K, used 3178K [0x0000000780000000, 0x0000000800000000)
  region size 1024K, 1 young (1024K), 1 survivors (1024K)
 Metaspace       used 7931K, committed 8192K, reserved 1114112K
  class space    used 841K, committed 960K, reserved 1048576K
}
Event: 21882.059 GC heap before
{Heap before GC invocations=63 (full 0):
 garbage-first heap   total reserved 2097152K, committed 133120K, used 79978K [0x0000000780000000, 0x0000000800000000)
  region size 1024K, 76 young (77824K), 1 survivors (1024K)
 Metaspace       used 7931K, committed 8192K, reserved 1114112K
  class space    used 841K, committed 960K, reserved 1048576K
}
Event: 21882.065 GC heap after
{Heap after GC invocations=64 (full 0):
 garbage-first heap   total reserved 2097152K, committed 133120K, used 3182K [0x0000000780000000, 0x0000000800000000)
  region size 1024K, 1 young (1024K), 1 survivors (1024K)
 Metaspace       used 7931K, committed 8192K, reserved 1114112K
  class space    used 841K, committed 960K, reserved 1048576K
}
Event: 22249.706 GC heap before
{Heap before GC invocations=64 (full 0):
 garbage-first heap   total reserved 2097152K, committed 133120K, used 79982K [0x0000000780000000, 0x0000000800000000)
  region size 1024K, 76 young (77824K), 1 survivors (1024K)
 Metaspace       used 7931K, committed 8192K, reserved 1114112K
  class space    used 841K, committed 960K, reserved 1048576K
}
Event: 22249.714 GC heap after
{Heap after GC invocations=65 (full 0):
 garbage-first heap   total reserved 2097152K, committed 133120K, used 3182K [0x0000000780000000, 0x0000000800000000)
  region size 1024K, 1 young (1024K), 1 survivors (1024K)
 Metaspace       used 7931K, committed 8192K, reserved 1114112K
  class space    used 841K, committed 960K, reserved 1048576K
}
Event: 22616.771 GC heap before
{Heap before GC invocations=65 (full 0):
 garbage-first heap   total reserved 2097152K, committed 133120K, used 79982K [0x0000000780000000, 0x0000000800000000)
  region size 1024K, 76 young (77824K), 1 survivors (1024K)
 Metaspace       used 7931K, committed 8192K, reserved 1114112K
  class space    used 841K, committed 960K, reserved 1048576K
}
Event: 22616.775 GC heap after
{Heap after GC invocations=66 (full 0):
 garbage-first heap   total reserved 2097152K, committed 133120K, used 3180K [0x0000000780000000, 0x0000000800000000)
  region size 1024K, 1 young (1024K), 1 survivors (1024K)
 Metaspace       used 7931K, committed 8192K, reserved 1114112K
  class space    used 841K, committed 960K, reserved 1048576K
}
Event: 22984.678 GC heap before
{Heap before GC invocations=66 (full 0):
 garbage-first heap   total reserved 2097152K, committed 133120K, used 79980K [0x0000000780000000, 0x0000000800000000)
  region size 1024K, 76 young (77824K), 1 survivors (1024K)
 Metaspace       used 7931K, committed 8192K, reserved 1114112K
  class space    used 841K, committed 960K, reserved 1048576K
}
Event: 22984.680 GC heap after
{Heap after GC invocations=67 (full 0):
 garbage-first heap   total reserved 2097152K, committed 133120K, used 3178K [0x0000000780000000, 0x0000000800000000)
  region size 1024K, 1 young (1024K), 1 survivors (1024K)
 Metaspace       used 7931K, committed 8192K, reserved 1114112K
  class space    used 841K, committed 960K, reserved 1048576K
}
Event: 23351.768 GC heap before
{Heap before GC invocations=67 (full 0):
 garbage-first heap   total reserved 2097152K, committed 133120K, used 79978K [0x0000000780000000, 0x0000000800000000)
  region size 1024K, 76 young (77824K), 1 survivors (1024K)
 Metaspace       used 7931K, committed 8192K, reserved 1114112K
  class space    used 841K, committed 960K, reserved 1048576K
}
Event: 23351.770 GC heap after
{Heap after GC invocations=68 (full 0):
 garbage-first heap   total reserved 2097152K, committed 133120K, used 3180K [0x0000000780000000, 0x0000000800000000)
  region size 1024K, 1 young (1024K), 1 survivors (1024K)
 Metaspace       used 7931K, committed 8192K, reserved 1114112K
  class space    used 841K, committed 960K, reserved 1048576K
}
Event: 23719.052 GC heap before
{Heap before GC invocations=68 (full 0):
 garbage-first heap   total reserved 2097152K, committed 133120K, used 79980K [0x0000000780000000, 0x0000000800000000)
  region size 1024K, 76 young (77824K), 1 survivors (1024K)
 Metaspace       used 7931K, committed 8192K, reserved 1114112K
  class space    used 841K, committed 960K, reserved 1048576K
}
Event: 23719.054 GC heap after
{Heap after GC invocations=69 (full 0):
 garbage-first heap   total reserved 2097152K, committed 133120K, used 3178K [0x0000000780000000, 0x0000000800000000)
  region size 1024K, 1 young (1024K), 1 survivors (1024K)
 Metaspace       used 7931K, committed 8192K, reserved 1114112K
  class space    used 841K, committed 960K, reserved 1048576K
}
Event: 24086.822 GC heap before
{Heap before GC invocations=69 (full 0):
 garbage-first heap   total reserved 2097152K, committed 133120K, used 79978K [0x0000000780000000, 0x0000000800000000)
  region size 1024K, 76 young (77824K), 1 survivors (1024K)
 Metaspace       used 7931K, committed 8192K, reserved 1114112K
  class space    used 841K, committed 960K, reserved 1048576K
}
Event: 24086.825 GC heap after
{Heap after GC invocations=70 (full 0):
 garbage-first heap   total reserved 2097152K, committed 133120K, used 3178K [0x0000000780000000, 0x0000000800000000)
  region size 1024K, 1 young (1024K), 1 survivors (1024K)
 Metaspace       used 7931K, committed 8192K, reserved 1114112K
  class space    used 841K, committed 960K, reserved 1048576K
}
Event: 24452.034 GC heap before
{Heap before GC invocations=70 (full 0):
 garbage-first heap   total reserved 2097152K, committed 133120K, used 79978K [0x0000000780000000, 0x0000000800000000)
  region size 1024K, 76 young (77824K), 1 survivors (1024K)
 Metaspace       used 7931K, committed 8192K, reserved 1114112K
  class space    used 841K, committed 960K, reserved 1048576K
}
Event: 24452.042 GC heap after
{Heap after GC invocations=71 (full 0):
 garbage-first heap   total reserved 2097152K, committed 133120K, used 3182K [0x0000000780000000, 0x0000000800000000)
  region size 1024K, 1 young (1024K), 1 survivors (1024K)
 Metaspace       used 7931K, committed 8192K, reserved 1114112K
  class space    used 841K, committed 960K, reserved 1048576K
}
Event: 24817.117 GC heap before
{Heap before GC invocations=71 (full 0):
 garbage-first heap   total reserved 2097152K, committed 133120K, used 79982K [0x0000000780000000, 0x0000000800000000)
  region size 1024K, 76 young (77824K), 1 survivors (1024K)
 Metaspace       used 7931K, committed 8192K, reserved 1114112K
  class space    used 841K, committed 960K, reserved 1048576K
}
Event: 24817.124 GC heap after
{Heap after GC invocations=72 (full 0):
 garbage-first heap   total reserved 2097152K, committed 133120K, used 3182K [0x0000000780000000, 0x0000000800000000)
  region size 1024K, 1 young (1024K), 1 survivors (1024K)
 Metaspace       used 7931K, committed 8192K, reserved 1114112K
  class space    used 841K, committed 960K, reserved 1048576K
}

